# JRE version: OpenJDK Runtime Environment Temurin-21.0.11+10 (21.0.11+10) (build 21.0.11+10-LTS)
# Java VM: OpenJDK 64-Bit Server VM Temurin-21.0.11+10 (21.0.11+10-LTS, mixed mode, sharing, tiered, compressed oops, compressed class ptrs, parallel gc, windows-amd64)
GC Precious Log:
 CardTable entry size: 512
 CPUs: 16 total, 16 available
 Memory: 16051M
 Large Page Support: Disabled
 NUMA Support: Disabled
 Compressed Oops: Enabled (32-bit)
 Alignments: Space 512K, Generation 512K, Heap 2M
 Heap Min Capacity: 100M
 Heap Initial Capacity: 100M
 Heap Max Capacity: 2G
 Pre-touch: Disabled
 Parallel Workers: 13
Heap:
 PSYoungGen      total 5120K, used 4414K [0x00000000d5580000, 0x00000000d5e00000, 0x0000000100000000)
  eden space 3072K, 92% used [0x00000000d5580000,0x00000000d5846810,0x00000000d5880000)
  from space 2048K, 76% used [0x00000000d5c00000,0x00000000d5d892e0,0x00000000d5e00000)
  to   space 2560K, 0% used [0x00000000d5900000,0x00000000d5900000,0x00000000d5b80000)
 ParOldGen       total 259584K, used 259451K [0x0000000080000000, 0x000000008fd80000, 0x00000000d5580000)
  object space 259584K, 99% used [0x0000000080000000,0x000000008fd5ef18,0x000000008fd80000)
 Metaspace       used 77874K, committed 79552K, reserved 1179648K
  class space    used 8191K, committed 8960K, reserved 1048576K
GC Heap History (20 events):
Event: 498.360 GC heap before
{Heap before GC invocations=212 (full 3):
 PSYoungGen      total 3584K, used 3568K [0x00000000d5580000, 0x00000000d6200000, 0x0000000100000000)
  eden space 1536K, 100% used [0x00000000d5580000,0x00000000d5700000,0x00000000d5700000)
  from space 2048K, 99% used [0x00000000d5c00000,0x00000000d5dfc000,0x00000000d5e00000)
  to   space 5120K, 0% used [0x00000000d5700000,0x00000000d5700000,0x00000000d5c00000)
 ParOldGen       total 210944K, used 210782K [0x0000000080000000, 0x000000008ce00000, 0x00000000d5580000)
  object space 210944K, 99% used [0x0000000080000000,0x000000008cdd7870,0x000000008ce00000)
 Metaspace       used 77765K, committed 79488K, reserved 1179648K
  class space    used 8184K, committed 8960K, reserved 1048576K
}
Event: 498.363 GC heap after
{Heap after GC invocations=212 (full 3):
 PSYoungGen      total 2560K, used 984K [0x00000000d5580000, 0x00000000d5c80000, 0x0000000100000000)
  eden space 1536K, 0% used [0x00000000d5580000,0x00000000d5580000,0x00000000d5700000)
  from space 1024K, 96% used [0x00000000d5700000,0x00000000d57f6000,0x00000000d5800000)
  to   space 2560K, 0% used [0x00000000d5a00000,0x00000000d5a00000,0x00000000d5c80000)
 ParOldGen       total 212480K, used 212182K [0x0000000080000000, 0x000000008cf80000, 0x00000000d5580000)
  object space 212480K, 99% used [0x0000000080000000,0x000000008cf35870,0x000000008cf80000)
 Metaspace       used 77765K, committed 79488K, reserved 1179648K
  class space    used 8184K, committed 8960K, reserved 1048576K
}
Event: 498.366 GC heap before
{Heap before GC invocations=213 (full 3):
 PSYoungGen      total 2560K, used 2520K [0x00000000d5580000, 0x00000000d5c80000, 0x0000000100000000)
  eden space 1536K, 100% used [0x00000000d5580000,0x00000000d5700000,0x00000000d5700000)
  from space 1024K, 96% used [0x00000000d5700000,0x00000000d57f6000,0x00000000d5800000)
  to   space 2560K, 0% used [0x00000000d5a00000,0x00000000d5a00000,0x00000000d5c80000)
 ParOldGen       total 212480K, used 212182K [0x0000000080000000, 0x000000008cf80000, 0x00000000d5580000)
  object space 212480K, 99% used [0x0000000080000000,0x000000008cf35870,0x000000008cf80000)
 Metaspace       used 77765K, committed 79488K, reserved 1179648K
  class space    used 8184K, committed 8960K, reserved 1048576K
}
Event: 498.368 GC heap after
{Heap after GC invocations=213 (full 3):
 PSYoungGen      total 4096K, used 1557K [0x00000000d5580000, 0x00000000d5c00000, 0x0000000100000000)
  eden space 2048K, 0% used [0x00000000d5580000,0x00000000d5580000,0x00000000d5780000)
  from space 2048K, 76% used [0x00000000d5a00000,0x00000000d5b854b0,0x00000000d5c00000)
  to   space 2048K, 0% used [0x00000000d5800000,0x00000000d5800000,0x00000000d5a00000)
 ParOldGen       total 213504K, used 213046K [0x0000000080000000, 0x000000008d080000, 0x00000000d5580000)
  object space 213504K, 99% used [0x0000000080000000,0x000000008d00d880,0x000000008d080000)
 Metaspace       used 77765K, committed 79488K, reserved 1179648K
  class space    used 8184K, committed 8960K, reserved 1048576K
}
Event: 498.370 GC heap before
{Heap before GC invocations=214 (full 3):
 PSYoungGen      total 4096K, used 3605K [0x00000000d5580000, 0x00000000d5c00000, 0x0000000100000000)
  eden space 2048K, 100% used [0x00000000d5580000,0x00000000d5780000,0x00000000d5780000)
  from space 2048K, 76% used [0x00000000d5a00000,0x00000000d5b854b0,0x00000000d5c00000)
  to   space 2048K, 0% used [0x00000000d5800000,0x00000000d5800000,0x00000000d5a00000)
 ParOldGen       total 213504K, used 213046K [0x0000000080000000, 0x000000008d080000, 0x00000000d5580000)
  object space 213504K, 99% used [0x0000000080000000,0x000000008d00d880,0x000000008d080000)
 Metaspace       used 77765K, committed 79488K, reserved 1179648K
  class space    used 8184K, committed 8960K, reserved 1048576K
}
Event: 498.372 GC heap after
{Heap after GC invocations=214 (full 3):
 PSYoungGen      total 4608K, used 2033K [0x00000000d5580000, 0x00000000d6000000, 0x0000000100000000)
  eden space 2560K, 0% used [0x00000000d5580000,0x00000000d5580000,0x00000000d5800000)
  from space 2048K, 99% used [0x00000000d5800000,0x00000000d59fc578,0x00000000d5a00000)
  to   space 4096K, 0% used [0x00000000d5c00000,0x00000000d5c00000,0x00000000d6000000)
 ParOldGen       total 214528K, used 214491K [0x0000000080000000, 0x000000008d180000, 0x00000000d5580000)
  object space 214528K, 99% used [0x0000000080000000,0x000000008d176d40,0x000000008d180000)
 Metaspace       used 77765K, committed 79488K, reserved 1179648K
  class space    used 8184K, committed 8960K, reserved 1048576K
}
Event: 498.375 GC heap before
{Heap before GC invocations=215 (full 3):
 PSYoungGen      total 4608K, used 4593K [0x00000000d5580000, 0x00000000d6000000, 0x0000000100000000)
  eden space 2560K, 100% used [0x00000000d5580000,0x00000000d5800000,0x00000000d5800000)
  from space 2048K, 99% used [0x00000000d5800000,0x00000000d59fc578,0x00000000d5a00000)
  to   space 4096K, 0% used [0x00000000d5c00000,0x00000000d5c00000,0x00000000d6000000)
 ParOldGen       total 214528K, used 214491K [0x0000000080000000, 0x000000008d180000, 0x00000000d5580000)
  object space 214528K, 99% used [0x0000000080000000,0x000000008d176d40,0x000000008d180000)
 Metaspace       used 77765K, committed 79488K, reserved 1179648K
  class space    used 8184K, committed 8960K, reserved 1048576K
}
Event: 498.377 GC heap after
{Heap after GC invocations=215 (full 3):
 PSYoungGen      total 6144K, used 2764K [0x00000000d5580000, 0x00000000d5f00000, 0x0000000100000000)
  eden space 3072K, 0% used [0x00000000d5580000,0x00000000d5580000,0x00000000d5880000)
  from space 3072K, 90% used [0x00000000d5c00000,0x00000000d5eb33a0,0x00000000d5f00000)
  to   space 3072K, 0% used [0x00000000d5900000,0x00000000d5900000,0x00000000d5c00000)
 ParOldGen       total 216576K, used 216515K [0x0000000080000000, 0x000000008d380000, 0x00000000d5580000)
  object space 216576K, 99% used [0x0000000080000000,0x000000008d370f10,0x000000008d380000)
 Metaspace       used 77765K, committed 79488K, reserved 1179648K
  class space    used 8184K, committed 8960K, reserved 1048576K
}
Event: 498.382 GC heap before
{Heap before GC invocations=216 (full 3):
 PSYoungGen      total 6144K, used 5712K [0x00000000d5580000, 0x00000000d5f00000, 0x0000000100000000)
  eden space 3072K, 95% used [0x00000000d5580000,0x00000000d5860e08,0x00000000d5880000)
  from space 3072K, 90% used [0x00000000d5c00000,0x00000000d5eb33a0,0x00000000d5f00000)
  to   space 3072K, 0% used [0x00000000d5900000,0x00000000d5900000,0x00000000d5c00000)
 ParOldGen       total 216576K, used 216515K [0x0000000080000000, 0x000000008d380000, 0x00000000d5580000)
  object space 216576K, 99% used [0x0000000080000000,0x000000008d370f10,0x000000008d380000)
 Metaspace       used 77765K, committed 79488K, reserved 1179648K
  class space    used 8184K, committed 8960K, reserved 1048576K
}
Event: 498.384 GC heap after
{Heap after GC invocations=216 (full 3):
 PSYoungGen      total 6656K, used 2912K [0x00000000d5580000, 0x00000000d5f80000, 0x0000000100000000)
  eden space 3584K, 0% used [0x00000000d5580000,0x00000000d5580000,0x00000000d5900000)
  from space 3072K, 94% used [0x00000000d5900000,0x00000000d5bd82c8,0x00000000d5c00000)
  to   space 3072K, 0% used [0x00000000d5c80000,0x00000000d5c80000,0x00000000d5f80000)
 ParOldGen       total 219136K, used 219081K [0x0000000080000000, 0x000000008d600000, 0x00000000d5580000)
  object space 219136K, 99% used [0x0000000080000000,0x000000008d5f2568,0x000000008d600000)
 Metaspace       used 77765K, committed 79488K, reserved 1179648K
  class space    used 8184K, committed 8960K, reserved 1048576K
}
Event: 498.389 GC heap before
{Heap before GC invocations=217 (full 3):
 PSYoungGen      total 6656K, used 6170K [0x00000000d5580000, 0x00000000d5f80000, 0x0000000100000000)
  eden space 3584K, 90% used [0x00000000d5580000,0x00000000d58ae5e0,0x00000000d5900000)
  from space 3072K, 94% used [0x00000000d5900000,0x00000000d5bd82c8,0x00000000d5c00000)
  to   space 3072K, 0% used [0x00000000d5c80000,0x00000000d5c80000,0x00000000d5f80000)
 ParOldGen       total 219136K, used 219081K [0x0000000080000000, 0x000000008d600000, 0x00000000d5580000)
  object space 219136K, 99% used [0x0000000080000000,0x000000008d5f2568,0x000000008d600000)
 Metaspace       used 77765K, committed 79488K, reserved 1179648K
  class space    used 8184K, committed 8960K, reserved 1048576K
}
Event: 498.391 GC heap after
{Heap after GC invocations=217 (full 3):
 PSYoungGen      total 6144K, used 1440K [0x00000000d5580000, 0x00000000d5e00000, 0x0000000100000000)
  eden space 4608K, 0% used [0x00000000d5580000,0x00000000d5580000,0x00000000d5a00000)
  from space 1536K, 93% used [0x00000000d5c80000,0x00000000d5de8000,0x00000000d5e00000)
  to   space 2048K, 0% used [0x00000000d5a00000,0x00000000d5a00000,0x00000000d5c00000)
 ParOldGen       total 221696K, used 221686K [0x0000000080000000, 0x000000008d880000, 0x00000000d5580000)
  object space 221696K, 99% used [0x0000000080000000,0x000000008d87d850,0x000000008d880000)
 Metaspace       used 77765K, committed 79488K, reserved 1179648K
  class space    used 8184K, committed 8960K, reserved 1048576K
}
Event: 507.114 GC heap before
{Heap before GC invocations=218 (full 3):
 PSYoungGen      total 6144K, used 6048K [0x00000000d5580000, 0x00000000d5e00000, 0x0000000100000000)
  eden space 4608K, 100% used [0x00000000d5580000,0x00000000d5a00000,0x00000000d5a00000)
  from space 1536K, 93% used [0x00000000d5c80000,0x00000000d5de8000,0x00000000d5e00000)
  to   space 2048K, 0% used [0x00000000d5a00000,0x00000000d5a00000,0x00000000d5c00000)
 ParOldGen       total 253440K, used 252406K [0x0000000080000000, 0x000000008f780000, 0x00000000d5580000)
  object space 253440K, 99% used [0x0000000080000000,0x000000008f67d880,0x000000008f780000)
 Metaspace       used 77864K, committed 79552K, reserved 1179648K
  class space    used 8189K, committed 8960K, reserved 1048576K
}
Event: 507.119 GC heap after
{Heap after GC invocations=218 (full 3):
 PSYoungGen      total 6656K, used 880K [0x00000000d5580000, 0x00000000d5e00000, 0x0000000100000000)
  eden space 4608K, 0% used [0x00000000d5580000,0x00000000d5580000,0x00000000d5a00000)
  from space 2048K, 42% used [0x00000000d5a00000,0x00000000d5adc000,0x00000000d5c00000)
  to   space 1536K, 0% used [0x00000000d5c80000,0x00000000d5c80000,0x00000000d5e00000)
 ParOldGen       total 253440K, used 253342K [0x0000000080000000, 0x000000008f780000, 0x00000000d5580000)
  object space 253440K, 99% used [0x0000000080000000,0x000000008f767880,0x000000008f780000)
 Metaspace       used 77864K, committed 79552K, reserved 1179648K
  class space    used 8189K, committed 8960K, reserved 1048576K
}
Event: 525.673 GC heap before
{Heap before GC invocations=219 (full 3):
 PSYoungGen      total 6656K, used 5488K [0x00000000d5580000, 0x00000000d5e00000, 0x0000000100000000)
  eden space 4608K, 100% used [0x00000000d5580000,0x00000000d5a00000,0x00000000d5a00000)
  from space 2048K, 42% used [0x00000000d5a00000,0x00000000d5adc000,0x00000000d5c00000)
  to   space 1536K, 0% used [0x00000000d5c80000,0x00000000d5c80000,0x00000000d5e00000)
 ParOldGen       total 253440K, used 253342K [0x0000000080000000, 0x000000008f780000, 0x00000000d5580000)
  object space 253440K, 99% used [0x0000000080000000,0x000000008f767880,0x000000008f780000)
 Metaspace       used 77867K, committed 79552K, reserved 1179648K
  class space    used 8190K, committed 8960K, reserved 1048576K
}
Event: 525.677 GC heap after
{Heap after GC invocations=219 (full 3):
 PSYoungGen      total 4608K, used 1524K [0x00000000d5580000, 0x00000000d6200000, 0x0000000100000000)
  eden space 3072K, 0% used [0x00000000d5580000,0x00000000d5580000,0x00000000d5880000)
  from space 1536K, 99% used [0x00000000d5c80000,0x00000000d5dfd018,0x00000000d5e00000)
  to   space 4096K, 0% used [0x00000000d5880000,0x00000000d5880000,0x00000000d5c80000)
 ParOldGen       total 255488K, used 255165K [0x0000000080000000, 0x000000008f980000, 0x00000000d5580000)
  object space 255488K, 99% used [0x0000000080000000,0x000000008f92f4c8,0x000000008f980000)
 Metaspace       used 77867K, committed 79552K, reserved 1179648K
  class space    used 8190K, committed 8960K, reserved 1048576K
}
Event: 525.694 GC heap before
{Heap before GC invocations=220 (full 3):
 PSYoungGen      total 4608K, used 4596K [0x00000000d5580000, 0x00000000d6200000, 0x0000000100000000)
  eden space 3072K, 100% used [0x00000000d5580000,0x00000000d5880000,0x00000000d5880000)
  from space 1536K, 99% used [0x00000000d5c80000,0x00000000d5dfd018,0x00000000d5e00000)
  to   space 4096K, 0% used [0x00000000d5880000,0x00000000d5880000,0x00000000d5c80000)
 ParOldGen       total 255488K, used 255165K [0x0000000080000000, 0x000000008f980000, 0x00000000d5580000)
  object space 255488K, 99% used [0x0000000080000000,0x000000008f92f4c8,0x000000008f980000)
 Metaspace       used 77867K, committed 79552K, reserved 1179648K
  class space    used 8190K, committed 8960K, reserved 1048576K
}
Event: 525.697 GC heap after
{Heap after GC invocations=220 (full 3):
 PSYoungGen      total 6144K, used 2985K [0x00000000d5580000, 0x00000000d5f80000, 0x0000000100000000)
  eden space 3072K, 0% used [0x00000000d5580000,0x00000000d5580000,0x00000000d5880000)
  from space 3072K, 97% used [0x00000000d5880000,0x00000000d5b6a6f8,0x00000000d5b80000)
  to   space 3584K, 0% used [0x00000000d5c00000,0x00000000d5c00000,0x00000000d5f80000)
 ParOldGen       total 257024K, used 256705K [0x0000000080000000, 0x000000008fb00000, 0x00000000d5580000)
  object space 257024K, 99% used [0x0000000080000000,0x000000008fab0560,0x000000008fb00000)
 Metaspace       used 77867K, committed 79552K, reserved 1179648K
  class space    used 8190K, committed 8960K, reserved 1048576K
}
Event: 525.712 GC heap before
{Heap before GC invocations=221 (full 3):
 PSYoungGen      total 6144K, used 6057K [0x00000000d5580000, 0x00000000d5f80000, 0x0000000100000000)
  eden space 3072K, 100% used [0x00000000d5580000,0x00000000d5880000,0x00000000d5880000)
  from space 3072K, 97% used [0x00000000d5880000,0x00000000d5b6a6f8,0x00000000d5b80000)
  to   space 3584K, 0% used [0x00000000d5c00000,0x00000000d5c00000,0x00000000d5f80000)
 ParOldGen       total 257024K, used 256705K [0x0000000080000000, 0x000000008fb00000, 0x00000000d5580000)
  object space 257024K, 99% used [0x0000000080000000,0x000000008fab0560,0x000000008fb00000)
 Metaspace       used 77867K, committed 79552K, reserved 1179648K
  class space    used 8190K, committed 8960K, reserved 1048576K
}
Event: 525.714 GC heap after
{Heap after GC invocations=221 (full 3):
 PSYoungGen      total 5120K, used 1572K [0x00000000d5580000, 0x00000000d5e00000, 0x0000000100000000)
  eden space 3072K, 0% used [0x00000000d5580000,0x00000000d5580000,0x00000000d5880000)
  from space 2048K, 76% used [0x00000000d5c00000,0x00000000d5d892e0,0x00000000d5e00000)
  to   space 2560K, 0% used [0x00000000d5900000,0x00000000d5900000,0x00000000d5b80000)
 ParOldGen       total 259584K, used 259451K [0x0000000080000000, 0x000000008fd80000, 0x00000000d5580000)
  object space 259584K, 99% used [0x0000000080000000,0x000000008fd5ef18,0x000000008fd80000)
 Metaspace       used 77867K, committed 79552K, reserved 1179648K
  class space    used 8190K, committed 8960K, reserved 1048576K
}

